2025-05-02 09:40:13,490 [Worker-4: Loading available Gradle versions] INFO  o.e.b.c.i.u.g.PublishedGradleVersions - Gradle version information cache is not available. Remote download required.
2025-05-02 09:50:57,654 [Worker-1: Loading available Gradle versions] INFO  o.e.b.c.i.u.g.PublishedGradleVersions - Gradle version information cache is up-to-date. Trying to read.
2025-05-02 11:15:03,214 [Worker-1: Loading available Gradle versions] INFO  o.e.b.c.i.u.g.PublishedGradleVersions - Gradle version information cache is up-to-date. Trying to read.
2025-05-02 14:28:03,259 [Worker-2: Loading available Gradle versions] INFO  o.e.b.c.i.u.g.PublishedGradleVersions - Gradle version information cache is up-to-date. Trying to read.
2025-05-02 17:41:40,932 [Worker-16: Auto share git projects] WARN  org.eclipse.jgit.util.FS_Win32 - Exception caught during execution of command '[bash, --login, -c, which git]' in 'C:\Users\javastudy', return code '1', error message '<3>WSL (9 - Relay) ERROR: CreateProcessCommon:640: execvpe(/bin/bash) failed: No such file or directory
'
2025-05-07 09:34:11,853 [Worker-0: Loading available Gradle versions] INFO  o.e.b.c.i.u.g.PublishedGradleVersions - Gradle version information cache is out-of-date. Trying to update.
2025-05-07 09:34:26,165 [Worker-2: Decoration Calculation] WARN  org.eclipse.jgit.util.FS_Win32 - Exception caught during execution of command '[bash, --login, -c, which git]' in 'C:\Users\javastudy', return code '1', error message '<3>WSL (9 - Relay) ERROR: CreateProcessCommon:640: execvpe(/bin/bash) failed: No such file or directory
'
2025-05-08 09:34:28,303 [main] WARN  org.eclipse.jgit.util.FS_Win32 - Exception caught during execution of command '[bash, --login, -c, which git]' in 'C:\Users\javastudy', return code '1', error message '<3>WSL (9 - Relay) ERROR: CreateProcessCommon:640: execvpe(/bin/bash) failed: No such file or directory
'
2025-05-08 09:36:43,029 [main] WARN  org.eclipse.jgit.util.FS_Win32 - Exception caught during execution of command '[bash, --login, -c, which git]' in 'C:\Users\javastudy', return code '1', error message '<3>WSL (9 - Relay) ERROR: CreateProcessCommon:640: execvpe(/bin/bash) failed: No such file or directory
'
2025-05-08 09:37:34,195 [Worker-11: Loading available Gradle versions] INFO  o.e.b.c.i.u.g.PublishedGradleVersions - Gradle version information cache is out-of-date. Trying to update.
2025-05-08 16:38:11,131 [Worker-1: Loading available Gradle versions] INFO  o.e.b.c.i.u.g.PublishedGradleVersions - Gradle version information cache is up-to-date. Trying to read.
2025-05-08 16:38:16,754 [Worker-2: Decoration Calculation] WARN  org.eclipse.jgit.util.FS_Win32 - Exception caught during execution of command '[bash, --login, -c, which git]' in 'C:\Users\javastudy', return code '1', error message '<3>WSL (9 - Relay) ERROR: CreateProcessCommon:640: execvpe(/bin/bash) failed: No such file or directory
'
2025-05-08 18:17:30,393 [Framework stop - Equinox Container: 90580957-e57c-4113-b9f2-307f1ece723f] WARN  org.eclipse.jgit.lib.Repository - close() called when useCnt is already zero for Repository[C:\Users\javastudy\Documents\JSP_Servlet20250319\jsp.ser\.git]
2025-05-08 18:17:30,394 [Framework stop - Equinox Container: 90580957-e57c-4113-b9f2-307f1ece723f] WARN  org.eclipse.jgit.lib.Repository - close() called when useCnt is already zero for Repository[C:\Users\javastudy\Documents\JSP_Servlet20250319\.git]
2025-05-09 09:26:52,593 [main] WARN  org.eclipse.jgit.util.FS_Win32 - Exception caught during execution of command '[bash, --login, -c, which git]' in 'C:\Users\javastudy', return code '1', error message '<3>WSL (9 - Relay) ERROR: CreateProcessCommon:640: execvpe(/bin/bash) failed: No such file or directory
'
2025-05-09 09:28:11,161 [Worker-4: Loading available Gradle versions] INFO  o.e.b.c.i.u.g.PublishedGradleVersions - Gradle version information cache is up-to-date. Trying to read.
2025-05-09 17:26:01,979 [Worker-1: Loading available Gradle versions] INFO  o.e.b.c.i.u.g.PublishedGradleVersions - Gradle version information cache is out-of-date. Trying to update.
2025-05-09 17:26:09,345 [Worker-3: Decoration Calculation] WARN  org.eclipse.jgit.util.FS_Win32 - Exception caught during execution of command '[bash, --login, -c, which git]' in 'C:\Users\javastudy', return code '1', error message '<3>WSL (9 - Relay) ERROR: CreateProcessCommon:640: execvpe(/bin/bash) failed: No such file or directory
'
2025-05-12 09:20:30,329 [Worker-3: Loading available Gradle versions] INFO  o.e.b.c.i.u.g.PublishedGradleVersions - Gradle version information cache is out-of-date. Trying to update.
2025-05-12 09:20:35,590 [Worker-2: Decoration Calculation] WARN  org.eclipse.jgit.util.FS_Win32 - Exception caught during execution of command '[bash, --login, -c, which git]' in 'C:\Users\javastudy', return code '1', error message '<3>WSL (9 - Relay) ERROR: CreateProcessCommon:640: execvpe(/bin/bash) failed: No such file or directory
'
2025-05-12 18:13:02,022 [Worker-1: Loading available Gradle versions] INFO  o.e.b.c.i.u.g.PublishedGradleVersions - Gradle version information cache is up-to-date. Trying to read.
2025-05-12 18:13:11,614 [Worker-3: Decoration Calculation] WARN  org.eclipse.jgit.util.FS_Win32 - Exception caught during execution of command '[bash, --login, -c, which git]' in 'C:\Users\javastudy', return code '1', error message '<3>WSL (9 - Relay) ERROR: CreateProcessCommon:640: execvpe(/bin/bash) failed: No such file or directory
'
2025-05-13 09:22:37,897 [main] WARN  org.eclipse.jgit.util.FS_Win32 - Exception caught during execution of command '[bash, --login, -c, which git]' in 'C:\Users\javastudy', return code '1', error message '<3>WSL (9 - Relay) ERROR: CreateProcessCommon:640: execvpe(/bin/bash) failed: No such file or directory
'
2025-05-13 09:25:32,702 [Worker-3: Loading available Gradle versions] INFO  o.e.b.c.i.u.g.PublishedGradleVersions - Gradle version information cache is out-of-date. Trying to update.
